d:\projects\animation-lab-2\particlelab\debug\vc142.pdb
d:\projects\animation-lab-2\particlelab\debug\vc142.idb
d:\projects\animation-lab-2\particlelab\debug\main.obj
d:\projects\animation-lab-2\particlelab\debug\mymatrix.obj
d:\projects\animation-lab-2\particlelab\debug\myquat.obj
d:\projects\animation-lab-2\particlelab\debug\myvector.obj
d:\projects\animation-lab-2\particlelab\debug\objloader.obj
d:\projects\animation-lab-2\particlelab\debug\particlesystem.obj
d:\projects\animation-lab-2\particlelab\debug\tgaloader.obj
d:\ronya\git\dgi-project2021\particlelab\debug\vc142.pdb
d:\ronya\git\dgi-project2021\particlelab\debug\vc142.idb
d:\ronya\git\dgi-project2021\particlelab\debug\main.obj
d:\ronya\git\dgi-project2021\particlelab\debug\mymatrix.obj
d:\ronya\git\dgi-project2021\particlelab\debug\myquat.obj
d:\ronya\git\dgi-project2021\particlelab\debug\myvector.obj
d:\ronya\git\dgi-project2021\particlelab\debug\objloader.obj
d:\ronya\git\dgi-project2021\particlelab\debug\particlesystem.obj
d:\ronya\git\dgi-project2021\particlelab\debug\tgaloader.obj
d:\projects\animation-lab-2\particlelab\debug\particlelab.exe
d:\projects\animation-lab-2\particlelab\debug\particlelab.ilk
d:\projects\animation-lab-2\particlelab\debug\particlelab.pdb
d:\ronya\git\dgi-project2021\particlelab\debug\particlelab.ilk
d:\ronya\git\dgi-project2021\particlelab\debug\particlelab.exe
d:\ronya\git\dgi-project2021\particlelab\debug\particlelab.pdb
d:\ronya\git\dgi-project2021\particlelab\debug\particlelab.tlog\cl.command.1.tlog
d:\ronya\git\dgi-project2021\particlelab\debug\particlelab.tlog\cl.read.1.tlog
d:\ronya\git\dgi-project2021\particlelab\debug\particlelab.tlog\cl.write.1.tlog
d:\ronya\git\dgi-project2021\particlelab\debug\particlelab.tlog\link.command.1.tlog
d:\ronya\git\dgi-project2021\particlelab\debug\particlelab.tlog\link.read.1.tlog
d:\ronya\git\dgi-project2021\particlelab\debug\particlelab.tlog\link.write.1.tlog
